#
# There is insufficient memory for the Java Runtime Environment to continue.
# Native memory allocation (malloc) failed to allocate 1094656 bytes for Chunk::new
# Possible reasons:
#   The system is out of physical RAM or swap space
#   In 32 bit mode, the process size limit was hit
# Possible solutions:
#   Reduce memory load on the system
#   Increase physical memory or swap space
#   Check if swap backing store is full
#   Use 64 bit Java on a 64 bit OS
#   Decrease Java heap size (-Xmx/-Xms)
#   Decrease number of Java threads
#   Decrease Java thread stack sizes (-Xss)
#   Set larger code cache with -XX:ReservedCodeCacheSize=
# This output file may be truncated or incomplete.
#
#  Out of Memory Error (allocation.cpp:390), pid=5944, tid=0x0000000000003610
#
# JRE version: Java(TM) SE Runtime Environment (8.0_144-b01) (build 1.8.0_144-b01)
# Java VM: Java HotSpot(TM) 64-Bit Server VM (25.144-b01 mixed mode windows-amd64 compressed oops)
# Failed to write core dump. Minidumps are not enabled by default on client versions of Windows
#

---------------  T H R E A D  ---------------

Current thread (0x00000000168fd800):  JavaThread "C2 CompilerThread1" daemon [_thread_in_native, id=13840, stack(0x0000000018050000,0x0000000018150000)]

Stack: [0x0000000018050000,0x0000000018150000]
[error occurred during error reporting (printing stack bounds), id 0xc0000005]

Native frames: (J=compiled Java code, j=interpreted, Vv=VM code, C=native code)


Current CompileTask:
C2:  18832 5730   !   4       java.net.URLClassLoader$1::run (63 bytes)


---------------  P R O C E S S  ---------------

Java Threads: ( => current thread )
  0x000000001bcbf800 JavaThread "resolver-4" daemon [_thread_blocked, id=13196, stack(0x000000001e9d0000,0x000000001ead0000)]
  0x000000001ac18000 JavaThread "resolver-3" daemon [_thread_blocked, id=15140, stack(0x000000001e8d0000,0x000000001e9d0000)]
  0x000000001dcca800 JavaThread "resolver-2" daemon [_thread_blocked, id=14116, stack(0x000000001e5d0000,0x000000001e6d0000)]
  0x000000001849b800 JavaThread "resolver-1" daemon [_thread_blocked, id=9644, stack(0x000000001e4d0000,0x000000001e5d0000)]
  0x0000000018278800 JavaThread "Service Thread" daemon [_thread_blocked, id=13984, stack(0x0000000018650000,0x0000000018750000)]
  0x0000000016903800 JavaThread "C1 CompilerThread2" daemon [_thread_blocked, id=16724, stack(0x0000000018150000,0x0000000018250000)]
=>0x00000000168fd800 JavaThread "C2 CompilerThread1" daemon [_thread_in_native, id=13840, stack(0x0000000018050000,0x0000000018150000)]
  0x00000000168fc000 JavaThread "C2 CompilerThread0" daemon [_thread_in_native, id=10460, stack(0x0000000017f50000,0x0000000018050000)]
  0x0000000016909000 JavaThread "Attach Listener" daemon [_thread_blocked, id=2352, stack(0x0000000017e50000,0x0000000017f50000)]
  0x0000000016907800 JavaThread "Signal Dispatcher" daemon [_thread_blocked, id=7664, stack(0x0000000017d50000,0x0000000017e50000)]
  0x00000000030ac800 JavaThread "Finalizer" daemon [_thread_blocked, id=9504, stack(0x0000000017b60000,0x0000000017c60000)]
  0x00000000030a1800 JavaThread "Reference Handler" daemon [_thread_blocked, id=10012, stack(0x0000000017a60000,0x0000000017b60000)]
  0x0000000002f4e000 JavaThread "main" [_thread_in_native, id=12712, stack(0x0000000002e00000,0x0000000002f00000)]

Other Threads:
  0x00000000168c6800 VMThread [stack: 0x0000000017960000,0x0000000017a60000] [id=13344]
  0x000000001695e800 WatcherThread [stack: 0x0000000018750000,0x0000000018850000] [id=1444]

VM state:not at safepoint (normal execution)

VM Mutex/Monitor currently owned by a thread: None

Heap:
 PSYoungGen      total 165376K, used 6917K [0x00000000e0b00000, 0x00000000ec980000, 0x0000000100000000)
  eden space 143360K, 4% used [0x00000000e0b00000,0x00000000e11c17b0,0x00000000e9700000)
  from space 22016K, 0% used [0x00000000ead80000,0x00000000ead80000,0x00000000ec300000)
  to   space 23040K, 0% used [0x00000000e9700000,0x00000000e9700000,0x00000000ead80000)
 ParOldGen       total 79872K, used 45803K [0x00000000a2000000, 0x00000000a6e00000, 0x00000000e0b00000)
  object space 79872K, 57% used [0x00000000a2000000,0x00000000a4cbae68,0x00000000a6e00000)
 Metaspace       used 34890K, capacity 35534K, committed 35672K, reserved 1081344K
  class space    used 3972K, capacity 4180K, committed 4224K, reserved 1048576K

Card table byte_map: [0x0000000012470000,0x0000000012770000] byte_map_base: 0x0000000011f60000

Marking Bits: (ParMarkBitMap*) 0x0000000065b1d850
 Begin Bits: [0x0000000012d70000, 0x00000000144f0000)
 End Bits:   [0x00000000144f0000, 0x0000000015c70000)

Polling page: 0x0000000000df0000

CodeCache: size=245760Kb used=18393Kb max_used=18393Kb free=227366Kb
 bounds [0x00000000030b0000, 0x00000000042c0000, 0x00000000120b0000]
 total_blobs=5523 nmethods=5088 adapters=346
 compilation: enabled

Compilation events (10 events):
Event: 18.722 Thread 0x0000000016903800 5748       3       org.codehaus.plexus.util.SelectorUtils::matchAntPathPattern (435 bytes)
Event: 18.723 Thread 0x0000000016903800 nmethod 5748 0x0000000003d44010 code [0x0000000003d442e0, 0x0000000003d45768]
Event: 18.723 Thread 0x0000000016903800 5749       3       org.codehaus.plexus.util.SelectorUtils::equals (37 bytes)
Event: 18.724 Thread 0x0000000016903800 nmethod 5749 0x0000000003d36590 code [0x0000000003d36720, 0x0000000003d36a38]
Event: 18.728 Thread 0x0000000016903800 5750       3       org.codehaus.plexus.util.MatchPatterns::matches (57 bytes)
Event: 18.729 Thread 0x0000000016903800 nmethod 5750 0x0000000003aa1f90 code [0x0000000003aa2180, 0x0000000003aa2a48]
Event: 18.743 Thread 0x0000000016903800 5751       3       java.io.File::getCanonicalFile (21 bytes)
Event: 18.743 Thread 0x0000000016903800 nmethod 5751 0x0000000003d41690 code [0x0000000003d41860, 0x0000000003d41de8]
Event: 18.793 Thread 0x0000000016903800 5752   !   3       java.io.FileOutputStream::close (62 bytes)
Event: 18.793 Thread 0x0000000016903800 nmethod 5752 0x0000000003d40c90 code [0x0000000003d40e20, 0x0000000003d41498]

GC Heap History (10 events):
Event: 12.783 GC heap before
{Heap before GC invocations=6 (full 0):
 PSYoungGen      total 98304K, used 74601K [0x00000000e0b00000, 0x00000000e7c80000, 0x0000000100000000)
  eden space 94720K, 74% used [0x00000000e0b00000,0x00000000e505e5d0,0x00000000e6780000)
  from space 3584K, 99% used [0x00000000e6b00000,0x00000000e6e7c010,0x00000000e6e80000)
  to   space 10752K, 0% used [0x00000000e7200000,0x00000000e7200000,0x00000000e7c80000)
 ParOldGen       total 64512K, used 14207K [0x00000000a2000000, 0x00000000a5f00000, 0x00000000e0b00000)
  object space 64512K, 22% used [0x00000000a2000000,0x00000000a2ddfde0,0x00000000a5f00000)
 Metaspace       used 20825K, capacity 21240K, committed 21248K, reserved 1069056K
  class space    used 2412K, capacity 2558K, committed 2560K, reserved 1048576K
Event: 12.821 GC heap after
Heap after GC invocations=6 (full 0):
 PSYoungGen      total 105472K, used 10743K [0x00000000e0b00000, 0x00000000e7c80000, 0x0000000100000000)
  eden space 94720K, 0% used [0x00000000e0b00000,0x00000000e0b00000,0x00000000e6780000)
  from space 10752K, 99% used [0x00000000e7200000,0x00000000e7c7de38,0x00000000e7c80000)
  to   space 3584K, 0% used [0x00000000e6b00000,0x00000000e6b00000,0x00000000e6e80000)
 ParOldGen       total 64512K, used 27401K [0x00000000a2000000, 0x00000000a5f00000, 0x00000000e0b00000)
  object space 64512K, 42% used [0x00000000a2000000,0x00000000a3ac25e8,0x00000000a5f00000)
 Metaspace       used 20825K, capacity 21240K, committed 21248K, reserved 1069056K
  class space    used 2412K, capacity 2558K, committed 2560K, reserved 1048576K
}
Event: 12.821 GC heap before
{Heap before GC invocations=7 (full 1):
 PSYoungGen      total 105472K, used 10743K [0x00000000e0b00000, 0x00000000e7c80000, 0x0000000100000000)
  eden space 94720K, 0% used [0x00000000e0b00000,0x00000000e0b00000,0x00000000e6780000)
  from space 10752K, 99% used [0x00000000e7200000,0x00000000e7c7de38,0x00000000e7c80000)
  to   space 3584K, 0% used [0x00000000e6b00000,0x00000000e6b00000,0x00000000e6e80000)
 ParOldGen       total 64512K, used 27401K [0x00000000a2000000, 0x00000000a5f00000, 0x00000000e0b00000)
  object space 64512K, 42% used [0x00000000a2000000,0x00000000a3ac25e8,0x00000000a5f00000)
 Metaspace       used 20825K, capacity 21240K, committed 21248K, reserved 1069056K
  class space    used 2412K, capacity 2558K, committed 2560K, reserved 1048576K
Event: 12.963 GC heap after
Heap after GC invocations=7 (full 1):
 PSYoungGen      total 105472K, used 0K [0x00000000e0b00000, 0x00000000e7c80000, 0x0000000100000000)
  eden space 94720K, 0% used [0x00000000e0b00000,0x00000000e0b00000,0x00000000e6780000)
  from space 10752K, 0% used [0x00000000e7200000,0x00000000e7200000,0x00000000e7c80000)
  to   space 3584K, 0% used [0x00000000e6b00000,0x00000000e6b00000,0x00000000e6e80000)
 ParOldGen       total 79872K, used 31475K [0x00000000a2000000, 0x00000000a6e00000, 0x00000000e0b00000)
  object space 79872K, 39% used [0x00000000a2000000,0x00000000a3ebced0,0x00000000a6e00000)
 Metaspace       used 20825K, capacity 21240K, committed 21248K, reserved 1069056K
  class space    used 2412K, capacity 2558K, committed 2560K, reserved 1048576K
}
Event: 15.281 GC heap before
{Heap before GC invocations=8 (full 1):
 PSYoungGen      total 105472K, used 94720K [0x00000000e0b00000, 0x00000000e7c80000, 0x0000000100000000)
  eden space 94720K, 100% used [0x00000000e0b00000,0x00000000e6780000,0x00000000e6780000)
  from space 10752K, 0% used [0x00000000e7200000,0x00000000e7200000,0x00000000e7c80000)
  to   space 3584K, 0% used [0x00000000e6b00000,0x00000000e6b00000,0x00000000e6e80000)
 ParOldGen       total 79872K, used 31475K [0x00000000a2000000, 0x00000000a6e00000, 0x00000000e0b00000)
  object space 79872K, 39% used [0x00000000a2000000,0x00000000a3ebced0,0x00000000a6e00000)
 Metaspace       used 30303K, capacity 30782K, committed 30976K, reserved 1077248K
  class space    used 3456K, capacity 3583K, committed 3584K, reserved 1048576K
Event: 15.300 GC heap after
Heap after GC invocations=8 (full 1):
 PSYoungGen      total 101888K, used 3582K [0x00000000e0b00000, 0x00000000ec300000, 0x0000000100000000)
  eden space 98304K, 0% used [0x00000000e0b00000,0x00000000e0b00000,0x00000000e6b00000)
  from space 3584K, 99% used [0x00000000e6b00000,0x00000000e6e7f910,0x00000000e6e80000)
  to   space 22016K, 0% used [0x00000000ead80000,0x00000000ead80000,0x00000000ec300000)
 ParOldGen       total 79872K, used 44480K [0x00000000a2000000, 0x00000000a6e00000, 0x00000000e0b00000)
  object space 79872K, 55% used [0x00000000a2000000,0x00000000a4b70378,0x00000000a6e00000)
 Metaspace       used 30303K, capacity 30782K, committed 30976K, reserved 1077248K
  class space    used 3456K, capacity 3583K, committed 3584K, reserved 1048576K
}
Event: 18.322 GC heap before
{Heap before GC invocations=9 (full 1):
 PSYoungGen      total 101888K, used 97442K [0x00000000e0b00000, 0x00000000ec300000, 0x0000000100000000)
  eden space 98304K, 95% used [0x00000000e0b00000,0x00000000e66a90e8,0x00000000e6b00000)
  from space 3584K, 99% used [0x00000000e6b00000,0x00000000e6e7f910,0x00000000e6e80000)
  to   space 22016K, 0% used [0x00000000ead80000,0x00000000ead80000,0x00000000ec300000)
 ParOldGen       total 79872K, used 44480K [0x00000000a2000000, 0x00000000a6e00000, 0x00000000e0b00000)
  object space 79872K, 55% used [0x00000000a2000000,0x00000000a4b70378,0x00000000a6e00000)
 Metaspace       used 34594K, capacity 35242K, committed 35416K, reserved 1081344K
  class space    used 3929K, capacity 4150K, committed 4224K, reserved 1048576K
Event: 18.352 GC heap after
Heap after GC invocations=9 (full 1):
 PSYoungGen      total 165376K, used 14837K [0x00000000e0b00000, 0x00000000ec980000, 0x0000000100000000)
  eden space 143360K, 0% used [0x00000000e0b00000,0x00000000e0b00000,0x00000000e9700000)
  from space 22016K, 67% used [0x00000000ead80000,0x00000000ebbfd508,0x00000000ec300000)
  to   space 23040K, 0% used [0x00000000e9700000,0x00000000e9700000,0x00000000ead80000)
 ParOldGen       total 79872K, used 44488K [0x00000000a2000000, 0x00000000a6e00000, 0x00000000e0b00000)
  object space 79872K, 55% used [0x00000000a2000000,0x00000000a4b72378,0x00000000a6e00000)
 Metaspace       used 34594K, capacity 35242K, committed 35416K, reserved 1081344K
  class space    used 3929K, capacity 4150K, committed 4224K, reserved 1048576K
}
Event: 18.353 GC heap before
{Heap before GC invocations=10 (full 2):
 PSYoungGen      total 165376K, used 14837K [0x00000000e0b00000, 0x00000000ec980000, 0x0000000100000000)
  eden space 143360K, 0% used [0x00000000e0b00000,0x00000000e0b00000,0x00000000e9700000)
  from space 22016K, 67% used [0x00000000ead80000,0x00000000ebbfd508,0x00000000ec300000)
  to   space 23040K, 0% used [0x00000000e9700000,0x00000000e9700000,0x00000000ead80000)
 ParOldGen       total 79872K, used 44488K [0x00000000a2000000, 0x00000000a6e00000, 0x00000000e0b00000)
  object space 79872K, 55% used [0x00000000a2000000,0x00000000a4b72378,0x00000000a6e00000)
 Metaspace       used 34594K, capacity 35242K, committed 35416K, reserved 1081344K
  class space    used 3929K, capacity 4150K, committed 4224K, reserved 1048576K
Event: 18.568 GC heap after
Heap after GC invocations=10 (full 2):
 PSYoungGen      total 165376K, used 0K [0x00000000e0b00000, 0x00000000ec980000, 0x0000000100000000)
  eden space 143360K, 0% used [0x00000000e0b00000,0x00000000e0b00000,0x00000000e9700000)
  from space 22016K, 0% used [0x00000000ead80000,0x00000000ead80000,0x00000000ec300000)
  to   space 23040K, 0% used [0x00000000e9700000,0x00000000e9700000,0x00000000ead80000)
 ParOldGen       total 79872K, used 45803K [0x00000000a2000000, 0x00000000a6e00000, 0x00000000e0b00000)
  object space 79872K, 57% used [0x00000000a2000000,0x00000000a4cbae68,0x00000000a6e00000)
 Metaspace       used 34382K, capacity 35010K, committed 35416K, reserved 1081344K
  class space    used 3910K, capacity 4114K, committed 4224K, reserved 1048576K
}

Deoptimization events (10 events):
Event: 16.842 Thread 0x0000000002f4e000 Uncommon trap: reason=unstable_if action=reinterpret pc=0x00000000039b38fc method=org.apache.maven.model.ConfigurationContainer.setLocation(Ljava/lang/Object;Lorg/apache/maven/model/InputLocation;)V @ 1
Event: 16.842 Thread 0x0000000002f4e000 Uncommon trap: reason=unstable_if action=reinterpret pc=0x0000000003a17a98 method=org.apache.maven.model.ConfigurationContainer.setLocation(Ljava/lang/Object;Lorg/apache/maven/model/InputLocation;)V @ 1
Event: 16.902 Thread 0x0000000002f4e000 Uncommon trap: reason=null_check action=make_not_entrant pc=0x000000000423464c method=org.apache.maven.model.io.xpp3.MavenXpp3ReaderEx.checkFieldWithDuplicate(Lorg/codehaus/plexus/util/xml/pull/XmlPullParser;Ljava/lang/String;Ljava/lang/String;Ljava/util/
Event: 17.131 Thread 0x0000000002f4e000 Uncommon trap: reason=class_check action=maybe_recompile pc=0x000000000369a514 method=java.util.AbstractList$Itr.hasNext()Z @ 8
Event: 17.131 Thread 0x0000000002f4e000 Uncommon trap: reason=class_check action=maybe_recompile pc=0x00000000036ec044 method=java.util.AbstractList$Itr.next()Ljava/lang/Object; @ 14
Event: 17.192 Thread 0x0000000002f4e000 Uncommon trap: reason=predicate action=maybe_recompile pc=0x0000000003e808b4 method=java.lang.String.regionMatches(ZILjava/lang/String;II)Z @ 63
Event: 18.059 Thread 0x0000000002f4e000 Uncommon trap: reason=unstable_if action=reinterpret pc=0x000000000412840c method=java.util.jar.Attributes.read(Ljava/util/jar/Manifest$FastInputStream;[B)V @ 58
Event: 18.073 Thread 0x0000000002f4e000 Uncommon trap: reason=unstable_if action=reinterpret pc=0x00000000041220ac method=java.util.ArrayList.indexOf(Ljava/lang/Object;)I @ 1
Event: 18.246 Thread 0x0000000002f4e000 Uncommon trap: reason=unstable_if action=reinterpret pc=0x00000000032145cc method=java.lang.reflect.Field.set(Ljava/lang/Object;Ljava/lang/Object;)V @ 4
Event: 18.589 Thread 0x0000000002f4e000 Uncommon trap: reason=unstable_if action=reinterpret pc=0x00000000041c68dc method=java.util.regex.Pattern.compile()V @ 320

Internal exceptions (10 events):
Event: 16.495 Thread 0x0000000002f4e000 Exception <a 'java/security/PrivilegedActionException'> (0x00000000e3859410) thrown at [C:\re\workspace\8-2-build-windows-amd64-cygwin\jdk8u144\9417\hotspot\src\share\vm\prims\jvm.cpp, line 1390]
Event: 16.495 Thread 0x0000000002f4e000 Exception <a 'java/security/PrivilegedActionException'> (0x00000000e385aa10) thrown at [C:\re\workspace\8-2-build-windows-amd64-cygwin\jdk8u144\9417\hotspot\src\share\vm\prims\jvm.cpp, line 1390]
Event: 16.495 Thread 0x0000000002f4e000 Exception <a 'java/security/PrivilegedActionException'> (0x00000000e385ae08) thrown at [C:\re\workspace\8-2-build-windows-amd64-cygwin\jdk8u144\9417\hotspot\src\share\vm\prims\jvm.cpp, line 1390]
Event: 16.749 Thread 0x0000000002f4e000 Exception <a 'java/lang/NoClassDefFoundError': org/slf4j/Logger> (0x00000000e4755888) thrown at [C:\re\workspace\8-2-build-windows-amd64-cygwin\jdk8u144\9417\hotspot\src\share\vm\oops\constantPool.cpp, line 235]
Event: 16.902 Thread 0x0000000002f4e000 Implicit null exception at 0x00000000042331fb to 0x0000000004234635
Event: 18.073 Thread 0x0000000002f4e000 Implicit null exception at 0x0000000004120515 to 0x000000000412209d
Event: 18.081 Thread 0x0000000002f4e000 Exception <a 'java/lang/NoClassDefFoundError': org/slf4j/Logger> (0x00000000e5fc6898) thrown at [C:\re\workspace\8-2-build-windows-amd64-cygwin\jdk8u144\9417\hotspot\src\share\vm\oops\constantPool.cpp, line 235]
Event: 18.139 Thread 0x0000000002f4e000 Exception <a 'java/io/FileNotFoundException'> (0x00000000e6220f48) thrown at [C:\re\workspace\8-2-build-windows-amd64-cygwin\jdk8u144\9417\hotspot\src\share\vm\prims\jni.cpp, line 709]
Event: 18.232 Thread 0x0000000002f4e000 Exception <a 'java/lang/NoSuchFieldError': method resolution failed> (0x00000000e62eaf18) thrown at [C:\re\workspace\8-2-build-windows-amd64-cygwin\jdk8u144\9417\hotspot\src\share\vm\prims\methodHandles.cpp, line 1146]
Event: 18.234 Thread 0x0000000002f4e000 Exception <a 'java/lang/NoSuchFieldError': method resolution failed> (0x00000000e62f89a8) thrown at [C:\re\workspace\8-2-build-windows-amd64-cygwin\jdk8u144\9417\hotspot\src\share\vm\prims\methodHandles.cpp, line 1146]

Events (10 events):
Event: 18.715 loading class org/apache/maven/plugin/war/packaging/ClassesPackagingTask
Event: 18.715 loading class org/apache/maven/plugin/war/packaging/ClassesPackagingTask done
Event: 18.715 loading class org/apache/maven/plugin/war/packaging/ClassesPackagingTask
Event: 18.715 loading class org/apache/maven/plugin/war/packaging/ClassesPackagingTask done
Event: 18.715 loading class org/apache/maven/plugin/war/packaging/ClassesPackagingTask
Event: 18.715 loading class org/apache/maven/plugin/war/packaging/ClassesPackagingTask done
Event: 18.715 loading class org/codehaus/plexus/interpolation/InterpolationException
Event: 18.715 loading class org/codehaus/plexus/interpolation/InterpolationException done
Event: 18.715 loading class org/codehaus/plexus/interpolation/InterpolationException
Event: 18.716 loading class org/codehaus/plexus/interpolation/InterpolationException done


Dynamic libraries:
0x00007ff6a9e10000 - 0x00007ff6a9e47000 	C:\Program Files\Java\jdk1.8.0_144\bin\java.exe
0x00007ffa9f1c0000 - 0x00007ffa9f3a1000 	C:\WINDOWS\SYSTEM32\ntdll.dll
0x00007ffa9cef0000 - 0x00007ffa9cfa2000 	C:\WINDOWS\System32\KERNEL32.DLL
0x00007ffa9b930000 - 0x00007ffa9bba3000 	C:\WINDOWS\System32\KERNELBASE.dll
0x00007ffa9e9f0000 - 0x00007ffa9ea91000 	C:\WINDOWS\System32\ADVAPI32.dll
0x00007ffa9d360000 - 0x00007ffa9d3fe000 	C:\WINDOWS\System32\msvcrt.dll
0x00007ffa9d530000 - 0x00007ffa9d58b000 	C:\WINDOWS\System32\sechost.dll
0x00007ffa9eef0000 - 0x00007ffa9f014000 	C:\WINDOWS\System32\RPCRT4.dll
0x00007ffa9c920000 - 0x00007ffa9cab0000 	C:\WINDOWS\System32\USER32.dll
0x00007ffa9b910000 - 0x00007ffa9b930000 	C:\WINDOWS\System32\win32u.dll
0x00007ffa9cfb0000 - 0x00007ffa9cfd8000 	C:\WINDOWS\System32\GDI32.dll
0x00007ffa9b770000 - 0x00007ffa9b902000 	C:\WINDOWS\System32\gdi32full.dll
0x00007ffa9c2c0000 - 0x00007ffa9c35f000 	C:\WINDOWS\System32\msvcp_win.dll
0x00007ffa9c550000 - 0x00007ffa9c64a000 	C:\WINDOWS\System32\ucrtbase.dll
0x00007ffa90790000 - 0x00007ffa909f9000 	C:\WINDOWS\WinSxS\amd64_microsoft.windows.common-controls_6595b64144ccf1df_6.0.17134.407_none_fb449d63306391e9\COMCTL32.dll
0x00007ffa9cbc0000 - 0x00007ffa9cee2000 	C:\WINDOWS\System32\combase.dll
0x00007ffa9b590000 - 0x00007ffa9b60a000 	C:\WINDOWS\System32\bcryptPrimitives.dll
0x00007ffa9d400000 - 0x00007ffa9d42d000 	C:\WINDOWS\System32\IMM32.DLL
0x00000000662b0000 - 0x0000000066382000 	C:\Program Files\Java\jdk1.8.0_144\jre\bin\msvcr100.dll
0x0000000065300000 - 0x0000000065b9d000 	C:\Program Files\Java\jdk1.8.0_144\jre\bin\server\jvm.dll
0x00007ffa9f160000 - 0x00007ffa9f168000 	C:\WINDOWS\System32\PSAPI.DLL
0x00007ffa8ed40000 - 0x00007ffa8ed49000 	C:\WINDOWS\SYSTEM32\WSOCK32.dll
0x00007ffa8e610000 - 0x00007ffa8e633000 	C:\WINDOWS\SYSTEM32\WINMM.dll
0x00007ffa9f0f0000 - 0x00007ffa9f15c000 	C:\WINDOWS\System32\WS2_32.dll
0x00007ffa8fac0000 - 0x00007ffa8faca000 	C:\WINDOWS\SYSTEM32\VERSION.dll
0x00007ffa8ed10000 - 0x00007ffa8ed3a000 	C:\WINDOWS\SYSTEM32\WINMMBASE.dll
0x00007ffa9b610000 - 0x00007ffa9b659000 	C:\WINDOWS\System32\cfgmgr32.dll
0x00000000662a0000 - 0x00000000662af000 	C:\Program Files\Java\jdk1.8.0_144\jre\bin\verify.dll
0x0000000065290000 - 0x00000000652b9000 	C:\Program Files\Java\jdk1.8.0_144\jre\bin\java.dll
0x0000000066280000 - 0x0000000066296000 	C:\Program Files\Java\jdk1.8.0_144\jre\bin\zip.dll
0x00007ffa9d5b0000 - 0x00007ffa9e9ef000 	C:\WINDOWS\System32\SHELL32.dll
0x00007ffa9cb10000 - 0x00007ffa9cbb9000 	C:\WINDOWS\System32\shcore.dll
0x00007ffa9bbb0000 - 0x00007ffa9c2bd000 	C:\WINDOWS\System32\windows.storage.dll
0x00007ffa9d4d0000 - 0x00007ffa9d521000 	C:\WINDOWS\System32\shlwapi.dll
0x00007ffa9b4e0000 - 0x00007ffa9b4f1000 	C:\WINDOWS\System32\kernel.appcore.dll
0x00007ffa9b520000 - 0x00007ffa9b53f000 	C:\WINDOWS\System32\profapi.dll
0x00007ffa9b540000 - 0x00007ffa9b58c000 	C:\WINDOWS\System32\powrprof.dll
0x00007ffa9b4d0000 - 0x00007ffa9b4da000 	C:\WINDOWS\System32\FLTLIB.DLL
0x0000000065270000 - 0x000000006528a000 	C:\Program Files\Java\jdk1.8.0_144\jre\bin\net.dll
0x00007ffa9acf0000 - 0x00007ffa9ad56000 	C:\WINDOWS\system32\mswsock.dll
0x0000000065250000 - 0x0000000065261000 	C:\Program Files\Java\jdk1.8.0_144\jre\bin\nio.dll
0x00007ffa9aeb0000 - 0x00007ffa9aec7000 	C:\WINDOWS\SYSTEM32\CRYPTSP.dll
0x00007ffa9a8d0000 - 0x00007ffa9a903000 	C:\WINDOWS\system32\rsaenh.dll
0x00007ffa9afd0000 - 0x00007ffa9aff5000 	C:\WINDOWS\SYSTEM32\bcrypt.dll
0x00007ffa9b400000 - 0x00007ffa9b428000 	C:\WINDOWS\SYSTEM32\USERENV.dll
0x00007ffa9aea0000 - 0x00007ffa9aeab000 	C:\WINDOWS\SYSTEM32\CRYPTBASE.dll
0x00007ffa9aa70000 - 0x00007ffa9aaa8000 	C:\WINDOWS\SYSTEM32\IPHLPAPI.DLL
0x00007ffa9f170000 - 0x00007ffa9f178000 	C:\WINDOWS\System32\NSI.dll
0x00007ffa93450000 - 0x00007ffa93466000 	C:\WINDOWS\SYSTEM32\dhcpcsvc6.DLL
0x00007ffa93430000 - 0x00007ffa9344a000 	C:\WINDOWS\SYSTEM32\dhcpcsvc.DLL
0x00000000650b0000 - 0x0000000065248000 	C:\Program Files\Java\jdk1.8.0_144\jre\bin\awt.dll
0x00007ffa9f020000 - 0x00007ffa9f0e2000 	C:\WINDOWS\System32\OLEAUT32.dll
0x00007ffa995e0000 - 0x00007ffa9966b000 	C:\WINDOWS\SYSTEM32\apphelp.dll

VM Arguments:
jvm_args: -Dclassworlds.conf=C:\Program Files\NetBeans 8.2\java\maven\bin\m2.conf -Dmaven.home=C:\Program Files\NetBeans 8.2\java\maven 
java_command: org.codehaus.plexus.classworlds.launcher.Launcher -Dmaven.ext.class.path=C:\Program Files\NetBeans 8.2\java\maven-nblib\netbeans-eventspy.jar -Dfile.encoding=UTF-8 clean install
java_class_path (initial): C:\Program Files\NetBeans 8.2\java\maven\boot\plexus-classworlds-2.4.jar
Launcher Type: SUN_STANDARD

Environment Variables:
JAVA_HOME=C:\Program Files\Java\jdk1.8.0_144
PATH=C:\Program Files (x86)\NVIDIA Corporation\PhysX\Common;C:\ProgramData\Oracle\Java\javapath;C:\Program Files (x86)\Intel\iCLS Client\;C:\Program Files\Intel\iCLS Client\;C:\WINDOWS\system32;C:\WINDOWS;C:\WINDOWS\System32\Wbem;C:\WINDOWS\System32\WindowsPowerShell\v1.0\;C:\Program Files\Intel\Intel(R) Management Engine Components\DAL;C:\Program Files\Intel\Intel(R) Management Engine Components\IPT;C:\Program Files (x86)\Intel\Intel(R) Management Engine Components\DAL;C:\Program Files (x86)\Intel\Intel(R) Management Engine Components\IPT;C:\Program Files (x86)\Intel\OpenCL SDK\2.0\bin\x86;C:\Program Files (x86)\Intel\OpenCL SDK\2.0\bin\x64;C:\Program Files\Lenovo\Bluetooth Software\;C:\Program Files\Lenovo\Bluetooth Software\syswow64;C:\Program Files (x86)\Skype\Phone\;C:\WINDOWS\system32;C:\WINDOWS;C:\WINDOWS\System32\Wbem;C:\WINDOWS\System32\WindowsPowerShell\v1.0\;C:\Program Files\MySQL\MySQL Utilities 1.6\;C:\WINDOWS\System32\OpenSSH\;C:\Program Files\nodejs\;C:\Users\steven\AppData\Local\Microsoft\WindowsApps;;C:\Users\steven\AppData\Local\Programs\Microsoft VS Code\bin;C:\Users\steven\AppData\Roaming\npm
USERNAME=steven
OS=Windows_NT
PROCESSOR_IDENTIFIER=Intel64 Family 6 Model 58 Stepping 9, GenuineIntel



---------------  S Y S T E M  ---------------

OS: Windows 10.0 , 64 bit Build 17134 (10.0.17134.1)

CPU:total 4 (initial active 4) (2 cores per cpu, 2 threads per core) family 6 model 58 stepping 9, cmov, cx8, fxsr, mmx, sse, sse2, sse3, ssse3, sse4.1, sse4.2, popcnt, avx, aes, clmul, erms, ht, tsc, tscinvbit, tscinv

Memory: 4k page, physical 6154004k(434980k free), swap 11274004k(4184k free)

vm_info: Java HotSpot(TM) 64-Bit Server VM (25.144-b01) for windows-amd64 JRE (1.8.0_144-b01), built on Jul 21 2017 21:57:33 by "java_re" with MS VC++ 10.0 (VS2010)

time: Thu Nov 29 13:07:29 2018
elapsed time: 18 seconds (0d 0h 0m 18s)

